[+] Containers:
 |- [+] Container: /Game/Baptiste/Level/ThirdPersonMap
 |   |- [+] ActorDescs:
 |   |   |- Guid:0FDECFAF43F245DAD2EA04AC39EDE41B BaseClass:/Game/Baptiste/BP_Hostage.BP_Hostage_C NativeClass:/Script/Engine.Character Name:BP_Hostage_C_UAID_E073E713F040014C02_1296220931 Label:BP_Hostage SpatiallyLoaded:1 Bounds:IsValid=true, Min=(X=1555.000 Y=1875.000 Z=-0.967), Max=(X=1625.000 Y=1945.000 Z=180.000) RuntimeGrid:None EditorOnly:0 RuntimeOnly:0 HLODRelevant:0 ListedInSceneOutliner:1 IsMainWorldOnly:0 FolderPath:Hostages FolderGuid:0B4D2C5E4C2EC966B2E3B2B12E0509CE
 |   |   |- Guid:25A5BD1E41FC024A28E7DE89F53E1419 BaseClass:/Game/Baptiste/BP_Enemy.BP_Enemy_C NativeClass:/Script/Engine.Character Name:BP_Enemy_C_UAID_E073E713F040F64B02_1773447991 Label:BP_Enemy SpatiallyLoaded:1 Bounds:IsValid=true, Min=(X=1245.000 Y=1680.000 Z=-0.967), Max=(X=1570.000 Y=1840.000 Z=210.000) RuntimeGrid:None EditorOnly:0 RuntimeOnly:0 HLODRelevant:0 ListedInSceneOutliner:1 IsMainWorldOnly:0 FolderPath:Enemies FolderGuid:3E61EA3C409BAAE2EDBB1FBB04F9B471
 |   |   |- Guid:2FB58999456391D349DC0F86DAC136ED BaseClass: NativeClass:/Script/Engine.SkyLight Name:SkyLight_1 Label:SkyLight SpatiallyLoaded:0 Bounds:IsValid=true, Min=(X=0.000 Y=0.000 Z=690.000), Max=(X=0.000 Y=0.000 Z=690.000) RuntimeGrid:None EditorOnly:0 RuntimeOnly:0 HLODRelevant:0 ListedInSceneOutliner:1 IsMainWorldOnly:0 FolderPath:Lighting FolderGuid:963EC3EB4002CCE9759E2EBA541A873A
 |   |   |- Guid:316CF2A6494ACA4C0E4180A87D36AB8F BaseClass: NativeClass:/Script/Engine.ExponentialHeightFog Name:ExponentialHeightFog_0 Label:ExponentialHeightFog SpatiallyLoaded:0 Bounds:IsValid=true, Min=(X=-5600.000 Y=-50.000 Z=-6850.000), Max=(X=-5600.000 Y=-50.000 Z=-6850.000) RuntimeGrid:None EditorOnly:0 RuntimeOnly:0 HLODRelevant:0 ListedInSceneOutliner:1 IsMainWorldOnly:0 FolderPath:Lighting FolderGuid:963EC3EB4002CCE9759E2EBA541A873A
 |   |   |- Guid:3A00AA1C422CE54C0BDB60BAF471BFBB BaseClass: NativeClass:/Script/Engine.PlayerStart Name:PlayerStart_0 Label:PlayerStart SpatiallyLoaded:0 Bounds:IsValid=true, Min=(X=420.000 Y=1840.000 Z=0.013), Max=(X=500.000 Y=1920.000 Z=184.013) RuntimeGrid:None EditorOnly:0 RuntimeOnly:0 HLODRelevant:0 ListedInSceneOutliner:1 IsMainWorldOnly:0
 |   |   |- Guid:4D3BE93F4146AAAC8BBE79999D96D57F BaseClass: NativeClass:/Script/Engine.VolumetricCloud Name:VolumetricCloud_0 Label:VolumetricCloud SpatiallyLoaded:0 Bounds:IsValid=true, Min=(X=0.000 Y=0.000 Z=820.000), Max=(X=0.000 Y=0.000 Z=820.000) RuntimeGrid:None EditorOnly:0 RuntimeOnly:0 HLODRelevant:0 ListedInSceneOutliner:1 IsMainWorldOnly:0 FolderPath:Lighting FolderGuid:963EC3EB4002CCE9759E2EBA541A873A
 |   |   |- Guid:5B97F4A64FB21F77EFC44386BF705B4C BaseClass: NativeClass:/Script/Engine.TextRenderActor Name:TextRenderActor_1 Label:TextRenderActor SpatiallyLoaded:1 Bounds:IsValid=true, Min=(X=-0.100 Y=1100.000 Z=65.013), Max=(X=-0.100 Y=2392.308 Z=215.013) RuntimeGrid:None EditorOnly:0 RuntimeOnly:0 HLODRelevant:0 ListedInSceneOutliner:1 IsMainWorldOnly:0
 |   |   |- Guid:66FD96564C164E4C58004B8089ABABAF BaseClass:/Game/Baptiste/BP_BackWall.BP_BackWall_C NativeClass:/Script/Engine.Actor Name:BP_BackWall_C_UAID_2C58B9156797574B02_2060102008 Label:BP_BackWall SpatiallyLoaded:1 Bounds:IsValid=true, Min=(X=268.000 Y=1397.500 Z=70.000), Max=(X=332.000 Y=2502.500 Z=170.000) RuntimeGrid:None EditorOnly:0 RuntimeOnly:0 HLODRelevant:0 ListedInSceneOutliner:1 IsMainWorldOnly:0 FolderPath:Playground FolderGuid:C73F09FC4215536B1DCE2A9E0A830C70
 |   |   |- Guid:6BAF4DDD444C60371492D3919DB42C97 BaseClass: NativeClass:/Script/Engine.WorldDataLayers Name:WorldDataLayers Label:WorldDataLayers SpatiallyLoaded:0 Bounds:Invalid RuntimeGrid:None EditorOnly:0 RuntimeOnly:0 HLODRelevant:0 ListedInSceneOutliner:1 IsMainWorldOnly:1
 |   |   |- Guid:6BDE1D7B4685C2A491B33C9E665E1F27 BaseClass:/Game/Baptiste/BP_Enemy.BP_Enemy_C NativeClass:/Script/Engine.Character Name:BP_Enemy_C_UAID_E073E713F040F64B02_1776484992 Label:BP_Enemy2 SpatiallyLoaded:1 Bounds:IsValid=true, Min=(X=1255.000 Y=2310.000 Z=-0.967), Max=(X=1580.000 Y=2470.000 Z=210.000) RuntimeGrid:None EditorOnly:0 RuntimeOnly:0 HLODRelevant:0 ListedInSceneOutliner:1 IsMainWorldOnly:0 FolderPath:Enemies FolderGuid:3E61EA3C409BAAE2EDBB1FBB04F9B471
 |   |   |- Guid:79DA93BE4242E514A95136A65FC821FB BaseClass: NativeClass:/Script/Engine.StaticMeshActor Name:StaticMeshActor_UAID_2C58B9156797424D02_1128016424 Label:SM_Cube4 SpatiallyLoaded:1 Bounds:IsValid=true, Min=(X=6700.000 Y=1000.000 Z=-50.000), Max=(X=13400.000 Y=2975.000 Z=0.000) RuntimeGrid:None EditorOnly:0 RuntimeOnly:0 HLODRelevant:1 ListedInSceneOutliner:1 IsMainWorldOnly:0 FolderPath:Playground FolderGuid:C73F09FC4215536B1DCE2A9E0A830C70
 |   |   |- Guid:8270153F4F9E7CB3D982D29F9FB9346B BaseClass:/Game/Baptiste/BP_CameraSpline.BP_CameraSpline_C NativeClass:/Script/Engine.Actor Name:BP_CameraSpline_C_UAID_2C58B9156797544B02_1301493479 Label:BP_CameraSpline SpatiallyLoaded:1 Bounds:IsValid=true, Min=(X=-60.000 Y=1949.999 Z=770.000), Max=(X=14020.500 Y=1950.000 Z=770.000) RuntimeGrid:None EditorOnly:0 RuntimeOnly:0 HLODRelevant:0 ListedInSceneOutliner:1 IsMainWorldOnly:0 FolderPath:Playground FolderGuid:C73F09FC4215536B1DCE2A9E0A830C70
 |   |   |- Guid:8B16476F4C8AF6C97F42A7B27D209AF4 BaseClass:/Game/Baptiste/BP_Enemy.BP_Enemy_C NativeClass:/Script/Engine.Character Name:BP_Enemy1_C_UAID_2C58B9156797624B02_1399213950 Label:BP_Enemy1 SpatiallyLoaded:1 Bounds:IsValid=true, Min=(X=1245.000 Y=1640.000 Z=-0.967), Max=(X=1570.000 Y=1800.000 Z=210.000) RuntimeGrid:None EditorOnly:0 RuntimeOnly:0 HLODRelevant:0 ListedInSceneOutliner:1 IsMainWorldOnly:0 FolderPath:Enemies FolderGuid:3E61EA3C409BAAE2EDBB1FBB04F9B471
 |   |   |- Guid:A56216954B2165CF0F35A886B537D536 BaseClass: NativeClass:/Script/Engine.StaticMeshActor Name:StaticMeshActor_0 Label:SM_Cube5 SpatiallyLoaded:1 Bounds:IsValid=true, Min=(X=-0.000 Y=100.000 Z=0.000), Max=(X=100.000 Y=3400.000 Z=400.000) RuntimeGrid:None EditorOnly:0 RuntimeOnly:0 HLODRelevant:1 ListedInSceneOutliner:1 IsMainWorldOnly:0 FolderPath:Playground FolderGuid:C73F09FC4215536B1DCE2A9E0A830C70
 |   |   |- Guid:B6118D064858256D8F8B7CBBBFFFF3C4 BaseClass: NativeClass:/Script/Engine.StaticMeshActor Name:StaticMeshActor_UAID_2C58B9156797424D02_1149940425 Label:SM_Cube6 SpatiallyLoaded:1 Bounds:IsValid=true, Min=(X=6800.000 Y=2600.000 Z=0.000), Max=(X=13600.000 Y=2700.000 Z=100.000) RuntimeGrid:None EditorOnly:0 RuntimeOnly:0 HLODRelevant:1 ListedInSceneOutliner:1 IsMainWorldOnly:0 FolderPath:Playground FolderGuid:C73F09FC4215536B1DCE2A9E0A830C70
 |   |   |- Guid:B785ED2844B84CFB91E7F39FE661CD99 BaseClass: NativeClass:/Script/Engine.DirectionalLight Name:DirectionalLight_0 Label:DirectionalLight SpatiallyLoaded:0 Bounds:Invalid RuntimeGrid:None EditorOnly:0 RuntimeOnly:0 HLODRelevant:0 ListedInSceneOutliner:1 IsMainWorldOnly:0 FolderPath:Lighting FolderGuid:963EC3EB4002CCE9759E2EBA541A873A
 |   |   |- Guid:BC08B79C4EA3C961CFF75EBBE83B367D BaseClass: NativeClass:/Script/Engine.StaticMeshActor Name:StaticMeshActor_5 Label:SM_Cube2 SpatiallyLoaded:1 Bounds:IsValid=true, Min=(X=0.000 Y=1200.000 Z=0.000), Max=(X=6775.000 Y=1300.000 Z=100.000) RuntimeGrid:None EditorOnly:0 RuntimeOnly:0 HLODRelevant:1 ListedInSceneOutliner:1 IsMainWorldOnly:0 FolderPath:Playground FolderGuid:C73F09FC4215536B1DCE2A9E0A830C70
 |   |   |- Guid:BC86AB084EF59FD32859128316B42B69 BaseClass: NativeClass:/Script/Engine.StaticMeshActor Name:StaticMeshActor_UAID_2C58B9156797424D02_1209067427 Label:Wall_Door_400x400 SpatiallyLoaded:1 Bounds:IsValid=true, Min=(X=12399.997 Y=990.000 Z=-10.000), Max=(X=14400.003 Y=2990.000 Z=790.000) RuntimeGrid:None EditorOnly:0 RuntimeOnly:0 HLODRelevant:1 ListedInSceneOutliner:1 IsMainWorldOnly:0
 |   |   |- Guid:CCFF262C46EEFFDF319E7F9539CE697E BaseClass: NativeClass:/Script/Engine.SkyAtmosphere Name:SkyAtmosphere_0 Label:SkyAtmosphere SpatiallyLoaded:0 Bounds:IsValid=true, Min=(X=0.000 Y=0.000 Z=1020.000), Max=(X=0.000 Y=0.000 Z=1020.000) RuntimeGrid:None EditorOnly:0 RuntimeOnly:0 HLODRelevant:0 ListedInSceneOutliner:1 IsMainWorldOnly:0 FolderPath:Lighting FolderGuid:963EC3EB4002CCE9759E2EBA541A873A
 |   |   |- Guid:EC4E0C944CE6AC6E784BC6BB2916EA13 BaseClass: NativeClass:/Script/Engine.StaticMeshActor Name:StaticMeshActor_UAID_A4AE111137DC5EFB00_1110535423 Label:SM_SkySphere SpatiallyLoaded:0 Bounds:IsValid=true, Min=(X=-1638400.000 Y=-1638400.000 Z=-1638400.000), Max=(X=1638400.000 Y=1638400.000 Z=1638400.000) RuntimeGrid:None EditorOnly:0 RuntimeOnly:0 HLODRelevant:0 ListedInSceneOutliner:1 IsMainWorldOnly:0 FolderPath:Lighting FolderGuid:963EC3EB4002CCE9759E2EBA541A873A
 |   |   |- Guid:EEBA12A54BCA95A13CD82C9F1D827DB3 BaseClass: NativeClass:/Script/Engine.StaticMeshActor Name:StaticMeshActor_UAID_2C58B9156797424D02_1168048426 Label:SM_Cube7 SpatiallyLoaded:1 Bounds:IsValid=true, Min=(X=6770.000 Y=1200.000 Z=0.000), Max=(X=13570.000 Y=1300.000 Z=100.000) RuntimeGrid:None EditorOnly:0 RuntimeOnly:0 HLODRelevant:1 ListedInSceneOutliner:1 IsMainWorldOnly:0 FolderPath:Playground FolderGuid:C73F09FC4215536B1DCE2A9E0A830C70
 |   |   |- Guid:F1924B8D48954B30891B2DB6A694F9CC BaseClass: NativeClass:/Script/Engine.StaticMeshActor Name:StaticMeshActor_1 Label:SM_Cube SpatiallyLoaded:1 Bounds:IsValid=true, Min=(X=0.000 Y=1000.000 Z=-50.000), Max=(X=6700.000 Y=2975.000 Z=0.000) RuntimeGrid:None EditorOnly:0 RuntimeOnly:0 HLODRelevant:1 ListedInSceneOutliner:1 IsMainWorldOnly:0 FolderPath:Playground FolderGuid:C73F09FC4215536B1DCE2A9E0A830C70
 |   |   |- Guid:F5E3FEB3450C49844FD93DA8E083C8AD BaseClass: NativeClass:/Script/Engine.PostProcessVolume Name:PostProcessVolume_0 Label:PostProcessVolume SpatiallyLoaded:0 Bounds:IsValid=true, Min=(X=0.000 Y=0.000 Z=400.000), Max=(X=200.000 Y=200.000 Z=600.000) RuntimeGrid:None EditorOnly:0 RuntimeOnly:0 HLODRelevant:0 ListedInSceneOutliner:1 IsMainWorldOnly:0 FolderPath:Lighting FolderGuid:963EC3EB4002CCE9759E2EBA541A873A
 |   |   |- Guid:FF698C67459ADB4982D7759C0905EE9F BaseClass: NativeClass:/Script/Engine.StaticMeshActor Name:StaticMeshActor_6 Label:SM_Cube3 SpatiallyLoaded:1 Bounds:IsValid=true, Min=(X=0.000 Y=2600.000 Z=0.000), Max=(X=6800.000 Y=2700.000 Z=100.000) RuntimeGrid:None EditorOnly:0 RuntimeOnly:0 HLODRelevant:1 ListedInSceneOutliner:1 IsMainWorldOnly:0 FolderPath:Playground FolderGuid:C73F09FC4215536B1DCE2A9E0A830C70
 |   |- [+] Clusters:
 |   |   |- [+] [  0]
 |   |   |   |- Guid:0FDECFAF43F245DAD2EA04AC39EDE41B BaseClass:/Game/Baptiste/BP_Hostage.BP_Hostage_C NativeClass:/Script/Engine.Character Name:BP_Hostage_C_UAID_E073E713F040014C02_1296220931 Label:BP_Hostage SpatiallyLoaded:1 Bounds:IsValid=true, Min=(X=1555.000 Y=1875.000 Z=-0.967), Max=(X=1625.000 Y=1945.000 Z=180.000) RuntimeGrid:None EditorOnly:0 RuntimeOnly:0 HLODRelevant:0 ListedInSceneOutliner:1 IsMainWorldOnly:0 FolderPath:Hostages FolderGuid:0B4D2C5E4C2EC966B2E3B2B12E0509CE
 |   |   |   |- Guid:66FD96564C164E4C58004B8089ABABAF BaseClass:/Game/Baptiste/BP_BackWall.BP_BackWall_C NativeClass:/Script/Engine.Actor Name:BP_BackWall_C_UAID_2C58B9156797574B02_2060102008 Label:BP_BackWall SpatiallyLoaded:1 Bounds:IsValid=true, Min=(X=268.000 Y=1397.500 Z=70.000), Max=(X=332.000 Y=2502.500 Z=170.000) RuntimeGrid:None EditorOnly:0 RuntimeOnly:0 HLODRelevant:0 ListedInSceneOutliner:1 IsMainWorldOnly:0 FolderPath:Playground FolderGuid:C73F09FC4215536B1DCE2A9E0A830C70
 |   |   |   |- Guid:8B16476F4C8AF6C97F42A7B27D209AF4 BaseClass:/Game/Baptiste/BP_Enemy.BP_Enemy_C NativeClass:/Script/Engine.Character Name:BP_Enemy1_C_UAID_2C58B9156797624B02_1399213950 Label:BP_Enemy1 SpatiallyLoaded:1 Bounds:IsValid=true, Min=(X=1245.000 Y=1640.000 Z=-0.967), Max=(X=1570.000 Y=1800.000 Z=210.000) RuntimeGrid:None EditorOnly:0 RuntimeOnly:0 HLODRelevant:0 ListedInSceneOutliner:1 IsMainWorldOnly:0 FolderPath:Enemies FolderGuid:3E61EA3C409BAAE2EDBB1FBB04F9B471
 |   |   |- [+] [  1]
 |   |   |   |- Guid:25A5BD1E41FC024A28E7DE89F53E1419 BaseClass:/Game/Baptiste/BP_Enemy.BP_Enemy_C NativeClass:/Script/Engine.Character Name:BP_Enemy_C_UAID_E073E713F040F64B02_1773447991 Label:BP_Enemy SpatiallyLoaded:1 Bounds:IsValid=true, Min=(X=1245.000 Y=1680.000 Z=-0.967), Max=(X=1570.000 Y=1840.000 Z=210.000) RuntimeGrid:None EditorOnly:0 RuntimeOnly:0 HLODRelevant:0 ListedInSceneOutliner:1 IsMainWorldOnly:0 FolderPath:Enemies FolderGuid:3E61EA3C409BAAE2EDBB1FBB04F9B471
 |   |   |- [+] [  2]
 |   |   |   |- Guid:2FB58999456391D349DC0F86DAC136ED BaseClass: NativeClass:/Script/Engine.SkyLight Name:SkyLight_1 Label:SkyLight SpatiallyLoaded:0 Bounds:IsValid=true, Min=(X=0.000 Y=0.000 Z=690.000), Max=(X=0.000 Y=0.000 Z=690.000) RuntimeGrid:None EditorOnly:0 RuntimeOnly:0 HLODRelevant:0 ListedInSceneOutliner:1 IsMainWorldOnly:0 FolderPath:Lighting FolderGuid:963EC3EB4002CCE9759E2EBA541A873A
 |   |   |- [+] [  3]
 |   |   |   |- Guid:316CF2A6494ACA4C0E4180A87D36AB8F BaseClass: NativeClass:/Script/Engine.ExponentialHeightFog Name:ExponentialHeightFog_0 Label:ExponentialHeightFog SpatiallyLoaded:0 Bounds:IsValid=true, Min=(X=-5600.000 Y=-50.000 Z=-6850.000), Max=(X=-5600.000 Y=-50.000 Z=-6850.000) RuntimeGrid:None EditorOnly:0 RuntimeOnly:0 HLODRelevant:0 ListedInSceneOutliner:1 IsMainWorldOnly:0 FolderPath:Lighting FolderGuid:963EC3EB4002CCE9759E2EBA541A873A
 |   |   |- [+] [  4]
 |   |   |   |- Guid:3A00AA1C422CE54C0BDB60BAF471BFBB BaseClass: NativeClass:/Script/Engine.PlayerStart Name:PlayerStart_0 Label:PlayerStart SpatiallyLoaded:0 Bounds:IsValid=true, Min=(X=420.000 Y=1840.000 Z=0.013), Max=(X=500.000 Y=1920.000 Z=184.013) RuntimeGrid:None EditorOnly:0 RuntimeOnly:0 HLODRelevant:0 ListedInSceneOutliner:1 IsMainWorldOnly:0
 |   |   |- [+] [  5]
 |   |   |   |- Guid:4D3BE93F4146AAAC8BBE79999D96D57F BaseClass: NativeClass:/Script/Engine.VolumetricCloud Name:VolumetricCloud_0 Label:VolumetricCloud SpatiallyLoaded:0 Bounds:IsValid=true, Min=(X=0.000 Y=0.000 Z=820.000), Max=(X=0.000 Y=0.000 Z=820.000) RuntimeGrid:None EditorOnly:0 RuntimeOnly:0 HLODRelevant:0 ListedInSceneOutliner:1 IsMainWorldOnly:0 FolderPath:Lighting FolderGuid:963EC3EB4002CCE9759E2EBA541A873A
 |   |   |- [+] [  6]
 |   |   |   |- Guid:5B97F4A64FB21F77EFC44386BF705B4C BaseClass: NativeClass:/Script/Engine.TextRenderActor Name:TextRenderActor_1 Label:TextRenderActor SpatiallyLoaded:1 Bounds:IsValid=true, Min=(X=-0.100 Y=1100.000 Z=65.013), Max=(X=-0.100 Y=2392.308 Z=215.013) RuntimeGrid:None EditorOnly:0 RuntimeOnly:0 HLODRelevant:0 ListedInSceneOutliner:1 IsMainWorldOnly:0
 |   |   |- [+] [  7]
 |   |   |   |- Guid:6BAF4DDD444C60371492D3919DB42C97 BaseClass: NativeClass:/Script/Engine.WorldDataLayers Name:WorldDataLayers Label:WorldDataLayers SpatiallyLoaded:0 Bounds:Invalid RuntimeGrid:None EditorOnly:0 RuntimeOnly:0 HLODRelevant:0 ListedInSceneOutliner:1 IsMainWorldOnly:1
 |   |   |- [+] [  8]
 |   |   |   |- Guid:6BDE1D7B4685C2A491B33C9E665E1F27 BaseClass:/Game/Baptiste/BP_Enemy.BP_Enemy_C NativeClass:/Script/Engine.Character Name:BP_Enemy_C_UAID_E073E713F040F64B02_1776484992 Label:BP_Enemy2 SpatiallyLoaded:1 Bounds:IsValid=true, Min=(X=1255.000 Y=2310.000 Z=-0.967), Max=(X=1580.000 Y=2470.000 Z=210.000) RuntimeGrid:None EditorOnly:0 RuntimeOnly:0 HLODRelevant:0 ListedInSceneOutliner:1 IsMainWorldOnly:0 FolderPath:Enemies FolderGuid:3E61EA3C409BAAE2EDBB1FBB04F9B471
 |   |   |- [+] [  9]
 |   |   |   |- Guid:79DA93BE4242E514A95136A65FC821FB BaseClass: NativeClass:/Script/Engine.StaticMeshActor Name:StaticMeshActor_UAID_2C58B9156797424D02_1128016424 Label:SM_Cube4 SpatiallyLoaded:1 Bounds:IsValid=true, Min=(X=6700.000 Y=1000.000 Z=-50.000), Max=(X=13400.000 Y=2975.000 Z=0.000) RuntimeGrid:None EditorOnly:0 RuntimeOnly:0 HLODRelevant:1 ListedInSceneOutliner:1 IsMainWorldOnly:0 FolderPath:Playground FolderGuid:C73F09FC4215536B1DCE2A9E0A830C70
 |   |   |- [+] [ 10]
 |   |   |   |- Guid:8270153F4F9E7CB3D982D29F9FB9346B BaseClass:/Game/Baptiste/BP_CameraSpline.BP_CameraSpline_C NativeClass:/Script/Engine.Actor Name:BP_CameraSpline_C_UAID_2C58B9156797544B02_1301493479 Label:BP_CameraSpline SpatiallyLoaded:1 Bounds:IsValid=true, Min=(X=-60.000 Y=1949.999 Z=770.000), Max=(X=14020.500 Y=1950.000 Z=770.000) RuntimeGrid:None EditorOnly:0 RuntimeOnly:0 HLODRelevant:0 ListedInSceneOutliner:1 IsMainWorldOnly:0 FolderPath:Playground FolderGuid:C73F09FC4215536B1DCE2A9E0A830C70
 |   |   |- [+] [ 11]
 |   |   |   |- Guid:A56216954B2165CF0F35A886B537D536 BaseClass: NativeClass:/Script/Engine.StaticMeshActor Name:StaticMeshActor_0 Label:SM_Cube5 SpatiallyLoaded:1 Bounds:IsValid=true, Min=(X=-0.000 Y=100.000 Z=0.000), Max=(X=100.000 Y=3400.000 Z=400.000) RuntimeGrid:None EditorOnly:0 RuntimeOnly:0 HLODRelevant:1 ListedInSceneOutliner:1 IsMainWorldOnly:0 FolderPath:Playground FolderGuid:C73F09FC4215536B1DCE2A9E0A830C70
 |   |   |- [+] [ 12]
 |   |   |   |- Guid:B6118D064858256D8F8B7CBBBFFFF3C4 BaseClass: NativeClass:/Script/Engine.StaticMeshActor Name:StaticMeshActor_UAID_2C58B9156797424D02_1149940425 Label:SM_Cube6 SpatiallyLoaded:1 Bounds:IsValid=true, Min=(X=6800.000 Y=2600.000 Z=0.000), Max=(X=13600.000 Y=2700.000 Z=100.000) RuntimeGrid:None EditorOnly:0 RuntimeOnly:0 HLODRelevant:1 ListedInSceneOutliner:1 IsMainWorldOnly:0 FolderPath:Playground FolderGuid:C73F09FC4215536B1DCE2A9E0A830C70
 |   |   |- [+] [ 13]
 |   |   |   |- Guid:B785ED2844B84CFB91E7F39FE661CD99 BaseClass: NativeClass:/Script/Engine.DirectionalLight Name:DirectionalLight_0 Label:DirectionalLight SpatiallyLoaded:0 Bounds:Invalid RuntimeGrid:None EditorOnly:0 RuntimeOnly:0 HLODRelevant:0 ListedInSceneOutliner:1 IsMainWorldOnly:0 FolderPath:Lighting FolderGuid:963EC3EB4002CCE9759E2EBA541A873A
 |   |   |- [+] [ 14]
 |   |   |   |- Guid:BC08B79C4EA3C961CFF75EBBE83B367D BaseClass: NativeClass:/Script/Engine.StaticMeshActor Name:StaticMeshActor_5 Label:SM_Cube2 SpatiallyLoaded:1 Bounds:IsValid=true, Min=(X=0.000 Y=1200.000 Z=0.000), Max=(X=6775.000 Y=1300.000 Z=100.000) RuntimeGrid:None EditorOnly:0 RuntimeOnly:0 HLODRelevant:1 ListedInSceneOutliner:1 IsMainWorldOnly:0 FolderPath:Playground FolderGuid:C73F09FC4215536B1DCE2A9E0A830C70
 |   |   |- [+] [ 15]
 |   |   |   |- Guid:BC86AB084EF59FD32859128316B42B69 BaseClass: NativeClass:/Script/Engine.StaticMeshActor Name:StaticMeshActor_UAID_2C58B9156797424D02_1209067427 Label:Wall_Door_400x400 SpatiallyLoaded:1 Bounds:IsValid=true, Min=(X=12399.997 Y=990.000 Z=-10.000), Max=(X=14400.003 Y=2990.000 Z=790.000) RuntimeGrid:None EditorOnly:0 RuntimeOnly:0 HLODRelevant:1 ListedInSceneOutliner:1 IsMainWorldOnly:0
 |   |   |- [+] [ 16]
 |   |   |   |- Guid:CCFF262C46EEFFDF319E7F9539CE697E BaseClass: NativeClass:/Script/Engine.SkyAtmosphere Name:SkyAtmosphere_0 Label:SkyAtmosphere SpatiallyLoaded:0 Bounds:IsValid=true, Min=(X=0.000 Y=0.000 Z=1020.000), Max=(X=0.000 Y=0.000 Z=1020.000) RuntimeGrid:None EditorOnly:0 RuntimeOnly:0 HLODRelevant:0 ListedInSceneOutliner:1 IsMainWorldOnly:0 FolderPath:Lighting FolderGuid:963EC3EB4002CCE9759E2EBA541A873A
 |   |   |- [+] [ 17]
 |   |   |   |- Guid:EC4E0C944CE6AC6E784BC6BB2916EA13 BaseClass: NativeClass:/Script/Engine.StaticMeshActor Name:StaticMeshActor_UAID_A4AE111137DC5EFB00_1110535423 Label:SM_SkySphere SpatiallyLoaded:0 Bounds:IsValid=true, Min=(X=-1638400.000 Y=-1638400.000 Z=-1638400.000), Max=(X=1638400.000 Y=1638400.000 Z=1638400.000) RuntimeGrid:None EditorOnly:0 RuntimeOnly:0 HLODRelevant:0 ListedInSceneOutliner:1 IsMainWorldOnly:0 FolderPath:Lighting FolderGuid:963EC3EB4002CCE9759E2EBA541A873A
 |   |   |- [+] [ 18]
 |   |   |   |- Guid:EEBA12A54BCA95A13CD82C9F1D827DB3 BaseClass: NativeClass:/Script/Engine.StaticMeshActor Name:StaticMeshActor_UAID_2C58B9156797424D02_1168048426 Label:SM_Cube7 SpatiallyLoaded:1 Bounds:IsValid=true, Min=(X=6770.000 Y=1200.000 Z=0.000), Max=(X=13570.000 Y=1300.000 Z=100.000) RuntimeGrid:None EditorOnly:0 RuntimeOnly:0 HLODRelevant:1 ListedInSceneOutliner:1 IsMainWorldOnly:0 FolderPath:Playground FolderGuid:C73F09FC4215536B1DCE2A9E0A830C70
 |   |   |- [+] [ 19]
 |   |   |   |- Guid:F1924B8D48954B30891B2DB6A694F9CC BaseClass: NativeClass:/Script/Engine.StaticMeshActor Name:StaticMeshActor_1 Label:SM_Cube SpatiallyLoaded:1 Bounds:IsValid=true, Min=(X=0.000 Y=1000.000 Z=-50.000), Max=(X=6700.000 Y=2975.000 Z=0.000) RuntimeGrid:None EditorOnly:0 RuntimeOnly:0 HLODRelevant:1 ListedInSceneOutliner:1 IsMainWorldOnly:0 FolderPath:Playground FolderGuid:C73F09FC4215536B1DCE2A9E0A830C70
 |   |   |- [+] [ 20]
 |   |   |   |- Guid:F5E3FEB3450C49844FD93DA8E083C8AD BaseClass: NativeClass:/Script/Engine.PostProcessVolume Name:PostProcessVolume_0 Label:PostProcessVolume SpatiallyLoaded:0 Bounds:IsValid=true, Min=(X=0.000 Y=0.000 Z=400.000), Max=(X=200.000 Y=200.000 Z=600.000) RuntimeGrid:None EditorOnly:0 RuntimeOnly:0 HLODRelevant:0 ListedInSceneOutliner:1 IsMainWorldOnly:0 FolderPath:Lighting FolderGuid:963EC3EB4002CCE9759E2EBA541A873A
 |   |   |- [+] [ 21]
 |   |   |   |- Guid:FF698C67459ADB4982D7759C0905EE9F BaseClass: NativeClass:/Script/Engine.StaticMeshActor Name:StaticMeshActor_6 Label:SM_Cube3 SpatiallyLoaded:1 Bounds:IsValid=true, Min=(X=0.000 Y=2600.000 Z=0.000), Max=(X=6800.000 Y=2700.000 Z=100.000) RuntimeGrid:None EditorOnly:0 RuntimeOnly:0 HLODRelevant:1 ListedInSceneOutliner:1 IsMainWorldOnly:0 FolderPath:Playground FolderGuid:C73F09FC4215536B1DCE2A9E0A830C70
 |- ContainerInstances:
 |- [+] MainContainer:
 |   |-        ID: 00000000000000000000000000000000
 |   |-  ParentID: 00000000000000000000000000000000
 |   |-    Bounds: IsValid=false, Min=(X=0.000 Y=0.000 Z=0.000), Max=(X=0.000 Y=0.000 Z=0.000)
 |   |- Transform: 0.000000,0.000000,0.000000|0.000000,0.000000,-0.000000|1.000000,1.000000,1.000000
 |   |- Container: /Game/Baptiste/Level/ThirdPersonMap
----------------------------------------------------------------------------------------------------------------
ThirdPersonMap - Persistent Level
----------------------------------------------------------------------------------------------------------------
[+] Content of ThirdPersonMap Persistent Level
 |- Always loaded Actor Count: 24 
 |- Actor Path: /Game/Baptiste/Level/ThirdPersonMap.ThirdPersonMap:PersistentLevel.BP_BackWall_C_UAID_2C58B9156797574B02_2060102008
 |- Actor Package: /Game/__ExternalActors__/Baptiste/Level/ThirdPersonMap/1/ZY/2IA022IYAQS604J301TDDR
 |- Actor Path: /Game/Baptiste/Level/ThirdPersonMap.ThirdPersonMap:PersistentLevel.BP_CameraSpline_C_UAID_2C58B9156797544B02_1301493479
 |- Actor Package: /Game/__ExternalActors__/Baptiste/Level/ThirdPersonMap/7/SW/QAPTRFG9RV34QM84X3U3PN
 |- Actor Path: /Game/Baptiste/Level/ThirdPersonMap.ThirdPersonMap:PersistentLevel.BP_Enemy1_C_UAID_2C58B9156797624B02_1399213950
 |- Actor Package: /Game/__ExternalActors__/Baptiste/Level/ThirdPersonMap/8/1L/JE6JQHAF9S5Q4VW1Z3SC2D
 |- Actor Path: /Game/Baptiste/Level/ThirdPersonMap.ThirdPersonMap:PersistentLevel.BP_Enemy_C_UAID_E073E713F040F64B02_1773447991
 |- Actor Package: /Game/__ExternalActors__/Baptiste/Level/ThirdPersonMap/C/XP/FH25F93S7C6VPX96HAV9WH
 |- Actor Path: /Game/Baptiste/Level/ThirdPersonMap.ThirdPersonMap:PersistentLevel.BP_Enemy_C_UAID_E073E713F040F64B02_1776484992
 |- Actor Package: /Game/__ExternalActors__/Baptiste/Level/ThirdPersonMap/B/M8/WXBDVJ639EKOWLTGMCQBD0
 |- Actor Path: /Game/Baptiste/Level/ThirdPersonMap.ThirdPersonMap:PersistentLevel.BP_Hostage_C_UAID_E073E713F040014C02_1296220931
 |- Actor Package: /Game/__ExternalActors__/Baptiste/Level/ThirdPersonMap/B/K0/NLJGGZOJ11CY5Q8PRUJJHJ
 |- Actor Path: /Game/Baptiste/Level/ThirdPersonMap.ThirdPersonMap:PersistentLevel.DirectionalLight_0
 |- Actor Package: /Game/__ExternalActors__/Baptiste/Level/ThirdPersonMap/1/LD/EXAI4BPHNLW8C5ZEG2FX68
 |- Actor Path: /Game/Baptiste/Level/ThirdPersonMap.ThirdPersonMap:PersistentLevel.ExponentialHeightFog_0
 |- Actor Package: /Game/__ExternalActors__/Baptiste/Level/ThirdPersonMap/6/AE/ILN0DBXE53Q319BRFR3EAT
 |- Actor Path: /Game/Baptiste/Level/ThirdPersonMap.ThirdPersonMap:PersistentLevel.PlayerStart_0
 |- Actor Package: /Game/__ExternalActors__/Baptiste/Level/ThirdPersonMap/9/3Z/EMCPV5GE6J3G3R7YB372XY
 |- Actor Path: /Game/Baptiste/Level/ThirdPersonMap.ThirdPersonMap:PersistentLevel.PostProcessVolume_0
 |- Actor Package: /Game/__ExternalActors__/Baptiste/Level/ThirdPersonMap/5/3E/FU7R7CX0QSAAAUMZFHFBP4
 |- Actor Path: /Game/Baptiste/Level/ThirdPersonMap.ThirdPersonMap:PersistentLevel.SkyAtmosphere_0
 |- Actor Package: /Game/__ExternalActors__/Baptiste/Level/ThirdPersonMap/D/E9/LXGZP4O6NLPIF0JT4IELRV
 |- Actor Path: /Game/Baptiste/Level/ThirdPersonMap.ThirdPersonMap:PersistentLevel.SkyLight_1
 |- Actor Package: /Game/__ExternalActors__/Baptiste/Level/ThirdPersonMap/0/IZ/RD21W9NFQY66C4VH733I4A
 |- Actor Path: /Game/Baptiste/Level/ThirdPersonMap.ThirdPersonMap:PersistentLevel.StaticMeshActor_0
 |- Actor Package: /Game/__ExternalActors__/Baptiste/Level/ThirdPersonMap/9/YO/TU4QZYOSD8DY9XLDC6RXFK
 |- Actor Path: /Game/Baptiste/Level/ThirdPersonMap.ThirdPersonMap:PersistentLevel.StaticMeshActor_1
 |- Actor Package: /Game/__ExternalActors__/Baptiste/Level/ThirdPersonMap/8/27/V8VG0EHF19JUV5K4YJERYA
 |- Actor Path: /Game/Baptiste/Level/ThirdPersonMap.ThirdPersonMap:PersistentLevel.StaticMeshActor_5
 |- Actor Package: /Game/__ExternalActors__/Baptiste/Level/ThirdPersonMap/E/Q4/PKLJ1Y47MVAVODVCAKWQ6Z
 |- Actor Path: /Game/Baptiste/Level/ThirdPersonMap.ThirdPersonMap:PersistentLevel.StaticMeshActor_6
 |- Actor Package: /Game/__ExternalActors__/Baptiste/Level/ThirdPersonMap/B/U1/TDEEMH2VA2CVLJ0GX5552G
 |- Actor Path: /Game/Baptiste/Level/ThirdPersonMap.ThirdPersonMap:PersistentLevel.StaticMeshActor_UAID_2C58B9156797424D02_1128016424
 |- Actor Package: /Game/__ExternalActors__/Baptiste/Level/ThirdPersonMap/E/EA/9BDX2KWX1RPHP73KMWRO40
 |- Actor Path: /Game/Baptiste/Level/ThirdPersonMap.ThirdPersonMap:PersistentLevel.StaticMeshActor_UAID_2C58B9156797424D02_1149940425
 |- Actor Package: /Game/__ExternalActors__/Baptiste/Level/ThirdPersonMap/B/NY/65ZXVJ1X50GT49G0XXT5QK
 |- Actor Path: /Game/Baptiste/Level/ThirdPersonMap.ThirdPersonMap:PersistentLevel.StaticMeshActor_UAID_2C58B9156797424D02_1168048426
 |- Actor Package: /Game/__ExternalActors__/Baptiste/Level/ThirdPersonMap/A/65/XFV56TAL9J3V3H4RXURK1A
 |- Actor Path: /Game/Baptiste/Level/ThirdPersonMap.ThirdPersonMap:PersistentLevel.StaticMeshActor_UAID_2C58B9156797424D02_1209067427
 |- Actor Package: /Game/__ExternalActors__/Baptiste/Level/ThirdPersonMap/4/AT/VHK9UIQ93LOA0Q3LAEEK0O
 |- Actor Path: /Game/Baptiste/Level/ThirdPersonMap.ThirdPersonMap:PersistentLevel.StaticMeshActor_UAID_A4AE111137DC5EFB00_1110535423
 |- Actor Package: /Game/__ExternalActors__/Baptiste/Level/ThirdPersonMap/8/GF/NKEP80NE4YA5AADKXHB6D7
 |- Actor Path: /Game/Baptiste/Level/ThirdPersonMap.ThirdPersonMap:PersistentLevel.TextRenderActor_1
 |- Actor Package: /Game/__ExternalActors__/Baptiste/Level/ThirdPersonMap/4/TB/L4OIUEA0DA431F4YK5PMRX
 |- Actor Path: /Game/Baptiste/Level/ThirdPersonMap.ThirdPersonMap:PersistentLevel.VolumetricCloud_0
 |- Actor Package: /Game/__ExternalActors__/Baptiste/Level/ThirdPersonMap/8/10/6VVZP2DYBCNJG5YM4H3ACV
 |- Actor Path: /Game/Baptiste/Level/ThirdPersonMap.ThirdPersonMap:PersistentLevel.WorldDataLayers
 |- Actor Package: /Game/__ExternalActors__/Baptiste/Level/ThirdPersonMap/A/74/GVRU3F3RDRES749CTZDPR5

----------------------------------------------------------------------------------------------------------------
ThirdPersonMap - Runtime Hash Set
----------------------------------------------------------------------------------------------------------------

